[21/May/2026 03:39:18] "GET / HTTP/1.1" 404 179
[21/May/2026 03:39:18] "GET /favicon.ico HTTP/1.1" 404 179
[21/May/2026 03:58:28] "GET /admin/ HTTP/1.1" 302 0
[21/May/2026 03:58:28] "GET /admin/login/?next=/admin/ HTTP/1.1" 200 4080
[21/May/2026 03:58:28] "GET /static/admin/css/base.css HTTP/1.1" 404 179
[21/May/2026 03:58:28] "GET /static/admin/css/dark_mode.css HTTP/1.1" 404 179
[21/May/2026 03:58:28] "GET /static/admin/css/nav_sidebar.css HTTP/1.1" 404 179
[21/May/2026 03:58:28] "GET /static/admin/css/login.css HTTP/1.1" 404 179
[21/May/2026 03:58:28] "GET /static/admin/css/responsive.css HTTP/1.1" 404 179
[21/May/2026 03:58:28] "GET /static/admin/js/theme.js HTTP/1.1" 404 179
[21/May/2026 03:58:29] "GET /static/admin/js/nav_sidebar.js HTTP/1.1" 404 179
[21/May/2026 03:58:29] "GET /static/admin/css/login.css HTTP/1.1" 404 179
[21/May/2026 03:58:29] "GET /static/admin/css/nav_sidebar.css HTTP/1.1" 404 179
[21/May/2026 03:58:29] "GET /favicon.ico HTTP/1.1" 404 179
[21/May/2026 03:58:40] "GET /api/usuarios/ HTTP/1.1" 404 179
[21/May/2026 03:59:01] "GET /admin/ HTTP/1.1" 302 0
[21/May/2026 03:59:01] "GET /admin/login/?next=/admin/ HTTP/1.1" 200 4080
[21/May/2026 03:59:01] "GET /static/admin/js/theme.js HTTP/1.1" 404 179
[21/May/2026 03:59:01] "GET /static/admin/css/login.css HTTP/1.1" 404 179
[21/May/2026 03:59:01] "GET /static/admin/css/nav_sidebar.css HTTP/1.1" 404 179
[21/May/2026 03:59:01] "GET /static/admin/css/base.css HTTP/1.1" 404 179
[21/May/2026 03:59:01] "GET /static/admin/css/dark_mode.css HTTP/1.1" 404 179
[21/May/2026 03:59:01] "GET /static/admin/css/responsive.css HTTP/1.1" 404 179
[21/May/2026 03:59:01] "GET /static/admin/css/login.css HTTP/1.1" 404 179
[21/May/2026 03:59:01] "GET /static/admin/js/nav_sidebar.js HTTP/1.1" 404 179
[21/May/2026 03:59:01] "GET /static/admin/css/nav_sidebar.css HTTP/1.1" 404 179
[21/May/2026 03:59:08] "POST /admin/login/?next=/admin/ HTTP/1.1" 200 4249
[21/May/2026 03:59:08] "GET /static/admin/css/dark_mode.css HTTP/1.1" 404 179
[21/May/2026 03:59:08] "GET /static/admin/css/login.css HTTP/1.1" 404 179
[21/May/2026 03:59:08] "GET /static/admin/css/nav_sidebar.css HTTP/1.1" 404 179
[21/May/2026 03:59:08] "GET /static/admin/css/base.css HTTP/1.1" 404 179
[21/May/2026 03:59:08] "GET /static/admin/js/theme.js HTTP/1.1" 404 179
[21/May/2026 03:59:09] "GET /static/admin/css/responsive.css HTTP/1.1" 404 179
[21/May/2026 03:59:09] "GET /static/admin/css/login.css HTTP/1.1" 404 179
[21/May/2026 03:59:09] "GET /static/admin/js/nav_sidebar.js HTTP/1.1" 404 179
[21/May/2026 03:59:09] "GET /static/admin/css/nav_sidebar.css HTTP/1.1" 404 179
[21/May/2026 04:00:19] code 400, message Bad request syntax ('\\x16\\x03\\x01\\x01\\x00\\x01\\x00\\x00\xfc\\x03\\x03/\xbe\\x88\xda-\\x8aT\\x19\xc3')
[21/May/2026 04:00:19] You're accessing the development server over HTTPS, but it only supports HTTP.
[21/May/2026 04:01:22,845] - Broken pipe from ('45.140.222.145', 22586)
[21/May/2026 04:02:11] "GET / HTTP/1.0" 400 143
[21/May/2026 04:02:16] code 400, message Bad HTTP/0.9 request type ('l\\x00')
[21/May/2026 04:02:16] "l\x00\x0b\x00\x00\x00\x00\x00\x00\x00\x00\x00" 400 -
[21/May/2026 04:02:16] "GET /nice%20ports%2C/Tri%6Eity.txt%2ebak HTTP/1.0" 400 143
[21/May/2026 04:02:16] code 400, message Bad request syntax ('\\x05\\x04\\x00\\x01\\x02\\x80\\x05\\x01\\x00\\x03')
[21/May/2026 04:02:16] "\x05\x04\x00\x01\x02\x80\x05\x01\x00\x03" 400 -
[21/May/2026 04:02:21] code 400, message Bad request syntax ('\\x04\\x01\\x00\\x16\\x7f\\x00\\x00\\x01root\\x00')
[21/May/2026 04:02:21] "\x04\x01\x00\x16\x7f\x00\x00\x01root\x00" 400 -
[21/May/2026 04:02:22] code 400, message Bad request syntax ('\\x16\\x03\\x00\\x00S\\x01\\x00\\x00O\\x03\\x00?G\xd7\xf7\xba,\xee\xea\xb2`~\xf3\\x00\xfd\\x82{\xb9\xd5\\x96\xc8w\\x9b\xe6\xc4\xdb<=\xdbo\xef\\x10n\\x00\\x00(\\x00\\x16\\x00\\x13\\x00')
[21/May/2026 04:02:22] You're accessing the development server over HTTPS, but it only supports HTTP.
[21/May/2026 04:02:22] code 400, message Bad request version ('\\x00/\\x00')
[21/May/2026 04:02:22] You're accessing the development server over HTTPS, but it only supports HTTP.
[21/May/2026 04:02:58] "GET / HTTP/1.1" 404 179
